
C:\git\python-experiments\parallelism>python no_concurrency.py 
logical_processors = 8
tasks = 8
[1.264911011363067e+17, 1.2649110113631182e+17, 1.2649110113631494e+17, 1.2649110113631802e+17, 1.2649110113632114e+17, 1.2649110113632403e+17, 1.2649110113632698e+17, 1.2649110113632997e+17]
Elapsed time: 74.02s

C:\git\python-experiments\parallelism>python with_threads.py 
logical_processors = 8
tasks = 8
[1.264911011363067e+17, 1.2649110113631182e+17, 1.2649110113631494e+17, 1.2649110113631802e+17, 1.2649110113632114e+17, 1.2649110113632403e+17, 1.2649110113632698e+17, 1.2649110113632997e+17]
Elapsed time: 72.25s

C:\git\python-experiments\parallelism>python with_processes.py 
logical_processors = 8
tasks = 8
[1.264911011363067e+17, 1.2649110113631182e+17, 1.2649110113631494e+17, 1.2649110113631802e+17, 1.2649110113632114e+17, 1.2649110113632403e+17, 1.2649110113632698e+17, 1.2649110113632997e+17]
Elapsed time: 16.83s

C:\git\python-experiments\parallelism>python using_rust_extension.py 
logical_processors = 8
tasks = 8
[1.264911011363067e+17, 1.2649110113631182e+17, 1.2649110113631494e+17, 1.2649110113631802e+17, 1.2649110113632114e+17, 1.2649110113632403e+17, 1.2649110113632698e+17, 1.2649110113632997e+17]
Elapsed time: 0.52s

C:\git\python-experiments\parallelism>.\rust\target\release\rust.exe
1.264911011363067e17
1.2649110113631802e17
1.2649110113631182e17
1.2649110113632114e17
1.2649110113632698e17
1.2649110113632997e17
1.2649110113631494e17
1.2649110113632403e17
Elapsed time: 0.22s

C:\git\python-experiments\parallelism>REM python .\cython\cython_concurrency.py 
